  [1m[35m (0.5ms)[0m  [1m[35mCREATE DATABASE "boilerplate_development" ENCODING = 'unicode'[0m
  [1m[35m (0.5ms)[0m  [1m[35mCREATE DATABASE "boilerplate_development" ENCODING = 'utf8'[0m
  [1m[36mActiveRecord::SchemaMigration Pluck (1.6ms)[0m  [1m[34mSELECT "schema_migrations"."version" FROM "schema_migrations" ORDER BY "schema_migrations"."version" ASC[0m
  [1m[36mActiveRecord::InternalMetadata Pluck (0.8ms)[0m  [1m[34mSELECT "ar_internal_metadata"."value" FROM "ar_internal_metadata" WHERE "ar_internal_metadata"."key" = $1 LIMIT $2[0m  [["key", "environment"], ["LIMIT", 1]]
  [1m[36mActiveRecord::SchemaMigration Pluck (0.2ms)[0m  [1m[34mSELECT "schema_migrations"."version" FROM "schema_migrations" ORDER BY "schema_migrations"."version" ASC[0m
  [1m[36mActiveRecord::InternalMetadata Pluck (0.3ms)[0m  [1m[34mSELECT "ar_internal_metadata"."value" FROM "ar_internal_metadata" WHERE "ar_internal_metadata"."key" = $1 LIMIT $2[0m  [["key", "environment"], ["LIMIT", 1]]
  [1m[36mActiveRecord::SchemaMigration Pluck (0.2ms)[0m  [1m[34mSELECT "schema_migrations"."version" FROM "schema_migrations" ORDER BY "schema_migrations"."version" ASC[0m
  [1m[36mActiveRecord::InternalMetadata Pluck (0.3ms)[0m  [1m[34mSELECT "ar_internal_metadata"."value" FROM "ar_internal_metadata" WHERE "ar_internal_metadata"."key" = $1 LIMIT $2[0m  [["key", "environment"], ["LIMIT", 1]]
  [1m[35m (20.4ms)[0m  [1m[35mDROP DATABASE IF EXISTS "boilerplate_development"[0m
  [1m[35m (103.2ms)[0m  [1m[35mCREATE DATABASE "boilerplate_development" ENCODING = 'utf8'[0m
  [1m[35m (5.9ms)[0m  [1m[35mCREATE TABLE "schema_migrations" ("version" character varying NOT NULL PRIMARY KEY)[0m
  [1m[35m (6.0ms)[0m  [1m[35mCREATE TABLE "ar_internal_metadata" ("key" character varying NOT NULL PRIMARY KEY, "value" character varying, "created_at" timestamp(6) NOT NULL, "updated_at" timestamp(6) NOT NULL)[0m
  [1m[35m (0.4ms)[0m  [1m[34mSELECT pg_try_advisory_lock(6559828595798928660)[0m
  [1m[36mActiveRecord::SchemaMigration Pluck (1.6ms)[0m  [1m[34mSELECT "schema_migrations"."version" FROM "schema_migrations" ORDER BY "schema_migrations"."version" ASC[0m
Migrating to DeviseCreateUsers (20230925113130)
  [1m[36mTRANSACTION (0.3ms)[0m  [1m[35mBEGIN[0m
  [1m[35m (5.7ms)[0m  [1m[35mCREATE TABLE "users" ("id" bigserial primary key, "email" character varying DEFAULT '' NOT NULL, "encrypted_password" character varying DEFAULT '' NOT NULL, "reset_password_token" character varying, "reset_password_sent_at" timestamp(6), "remember_created_at" timestamp(6), "sign_in_count" integer DEFAULT 0 NOT NULL, "current_sign_in_at" timestamp(6), "last_sign_in_at" timestamp(6), "current_sign_in_ip" character varying, "last_sign_in_ip" character varying, "confirmation_token" character varying, "confirmed_at" timestamp(6), "confirmation_sent_at" timestamp(6), "unconfirmed_email" character varying, "failed_attempts" integer DEFAULT 0 NOT NULL, "unlock_token" character varying, "locked_at" timestamp(6), "created_at" timestamp(6) NOT NULL, "updated_at" timestamp(6) NOT NULL)[0m
  [1m[35m (2.5ms)[0m  [1m[35mCREATE UNIQUE INDEX "index_users_on_email" ON "users" ("email")[0m
  [1m[35m (3.5ms)[0m  [1m[35mCREATE UNIQUE INDEX "index_users_on_reset_password_token" ON "users" ("reset_password_token")[0m
  [1m[35m (4.5ms)[0m  [1m[35mCREATE UNIQUE INDEX "index_users_on_confirmation_token" ON "users" ("confirmation_token")[0m
  [1m[35m (3.0ms)[0m  [1m[35mCREATE UNIQUE INDEX "index_users_on_unlock_token" ON "users" ("unlock_token")[0m
  [1m[36mActiveRecord::SchemaMigration Create (0.9ms)[0m  [1m[32mINSERT INTO "schema_migrations" ("version") VALUES ($1) RETURNING "version"[0m  [["version", "20230925113130"]]
  [1m[36mTRANSACTION (1.1ms)[0m  [1m[35mCOMMIT[0m
Migrating to RolifyCreateRoles (20231005004058)
  [1m[36mTRANSACTION (0.4ms)[0m  [1m[35mBEGIN[0m
  [1m[35m (5.6ms)[0m  [1m[35mCREATE TABLE "roles" ("id" bigserial primary key, "name" character varying, "resource_type" character varying, "resource_id" bigint, "created_at" timestamp(6) NOT NULL, "updated_at" timestamp(6) NOT NULL)[0m
  [1m[35m (2.9ms)[0m  [1m[35mCREATE INDEX "index_roles_on_resource" ON "roles" ("resource_type", "resource_id")[0m
  [1m[35m (3.6ms)[0m  [1m[35mCREATE TABLE "users_roles" ("user_id" bigint, "role_id" bigint)[0m
  [1m[35m (2.6ms)[0m  [1m[35mCREATE INDEX "index_users_roles_on_user_id" ON "users_roles" ("user_id")[0m
  [1m[35m (2.5ms)[0m  [1m[35mCREATE INDEX "index_users_roles_on_role_id" ON "users_roles" ("role_id")[0m
  [1m[35m (2.4ms)[0m  [1m[35mCREATE INDEX "index_roles_on_name_and_resource_type_and_resource_id" ON "roles" ("name", "resource_type", "resource_id")[0m
  [1m[35m (2.1ms)[0m  [1m[35mCREATE INDEX "index_users_roles_on_user_id_and_role_id" ON "users_roles" ("user_id", "role_id")[0m
  [1m[36mActiveRecord::SchemaMigration Create (0.6ms)[0m  [1m[32mINSERT INTO "schema_migrations" ("version") VALUES ($1) RETURNING "version"[0m  [["version", "20231005004058"]]
  [1m[36mTRANSACTION (1.3ms)[0m  [1m[35mCOMMIT[0m
  [1m[36mActiveRecord::InternalMetadata Load (0.4ms)[0m  [1m[34mSELECT "ar_internal_metadata".* FROM "ar_internal_metadata" WHERE "ar_internal_metadata"."key" = $1 LIMIT $2[0m  [["key", "environment"], ["LIMIT", 1]]
  [1m[36mTRANSACTION (0.3ms)[0m  [1m[35mBEGIN[0m
  [1m[36mActiveRecord::InternalMetadata Create (2.0ms)[0m  [1m[32mINSERT INTO "ar_internal_metadata" ("key", "value", "created_at", "updated_at") VALUES ($1, $2, $3, $4) RETURNING "key"[0m  [["key", "environment"], ["value", "development"], ["created_at", "2024-06-14 08:16:55.426094"], ["updated_at", "2024-06-14 08:16:55.426094"]]
  [1m[36mTRANSACTION (0.8ms)[0m  [1m[35mCOMMIT[0m
  [1m[35m (0.6ms)[0m  [1m[34mSELECT pg_advisory_unlock(6559828595798928660)[0m
  [1m[36mActiveRecord::SchemaMigration Pluck (0.6ms)[0m  [1m[34mSELECT "schema_migrations"."version" FROM "schema_migrations" ORDER BY "schema_migrations"."version" ASC[0m
Started GET "/" for 127.0.0.1 at 2024-06-14 16:17:13 +0800
  [1m[36mActiveRecord::SchemaMigration Pluck (0.8ms)[0m  [1m[34mSELECT "schema_migrations"."version" FROM "schema_migrations" ORDER BY "schema_migrations"."version" ASC[0m
Processing by PublicController#index as HTML
  Rendering layout layouts/application.haml
  Rendering public/index.html.haml within layouts/application
  Rendered public/index.html.haml within layouts/application (Duration: 7.6ms | Allocations: 7320)
  Rendered layout layouts/application.haml (Duration: 223.0ms | Allocations: 110638)
Completed 200 OK in 244ms (Views: 227.5ms | ActiveRecord: 0.0ms | Allocations: 118478)


Started GET "/" for 127.0.0.1 at 2024-06-14 18:53:17 +0800
  [1m[36mActiveRecord::SchemaMigration Pluck (1.3ms)[0m  [1m[34mSELECT "schema_migrations"."version" FROM "schema_migrations" ORDER BY "schema_migrations"."version" ASC[0m
Processing by PublicController#index as HTML
  Rendering layout layouts/application.haml
  Rendering public/index.html.haml within layouts/application
  Rendered public/index.html.haml within layouts/application (Duration: 6.4ms | Allocations: 7127)
  Rendered layout layouts/application.haml (Duration: 258.5ms | Allocations: 123825)
Completed 200 OK in 271ms (Views: 260.8ms | ActiveRecord: 0.0ms | Allocations: 128246)


Started GET "/" for 127.0.0.1 at 2024-06-14 18:53:39 +0800
Processing by PublicController#index as HTML
  Rendering layout layouts/application.haml
  Rendering public/index.html.haml within layouts/application
  Rendered public/index.html.haml within layouts/application (Duration: 0.0ms | Allocations: 9)
  Rendered layout layouts/application.haml (Duration: 2.7ms | Allocations: 2606)
Completed 200 OK in 3ms (Views: 3.1ms | ActiveRecord: 0.0ms | Allocations: 2935)


Started GET "/" for 127.0.0.1 at 2024-06-14 18:56:09 +0800
Processing by PublicController#index as HTML
  Rendering layout layouts/application.haml
  Rendering public/index.html.haml within layouts/application
  Rendered public/index.html.haml within layouts/application (Duration: 0.0ms | Allocations: 7)
  Rendered layout layouts/application.haml (Duration: 3.6ms | Allocations: 2424)
Completed 200 OK in 5ms (Views: 4.1ms | ActiveRecord: 0.0ms | Allocations: 2694)


Started GET "/" for 127.0.0.1 at 2024-06-14 18:57:08 +0800
Processing by PublicController#index as HTML
  Rendering layout layouts/application.haml
  Rendering public/index.html.haml within layouts/application
  Rendered public/index.html.haml within layouts/application (Duration: 0.0ms | Allocations: 7)
  Rendered layout layouts/application.haml (Duration: 2.8ms | Allocations: 2431)
Completed 200 OK in 4ms (Views: 3.3ms | ActiveRecord: 0.0ms | Allocations: 2704)


Started GET "/" for 127.0.0.1 at 2024-06-14 18:59:51 +0800
Processing by PublicController#index as HTML
  Rendering layout layouts/application.haml
  Rendering public/index.html.haml within layouts/application
  Rendered public/index.html.haml within layouts/application (Duration: 0.0ms | Allocations: 7)
  Rendered layout layouts/application.haml (Duration: 39.6ms | Allocations: 9998)
Completed 200 OK in 41ms (Views: 40.2ms | ActiveRecord: 0.0ms | Allocations: 10271)


Started GET "/" for 127.0.0.1 at 2024-06-14 19:01:11 +0800
Processing by PublicController#index as HTML
  Rendering layout layouts/application.haml
  Rendering public/index.html.haml within layouts/application
  Rendered public/index.html.haml within layouts/application (Duration: 0.0ms | Allocations: 7)
  Rendered layout layouts/application.haml (Duration: 77.2ms | Allocations: 9923)
Completed 200 OK in 78ms (Views: 77.6ms | ActiveRecord: 0.0ms | Allocations: 10193)


Started GET "/" for 127.0.0.1 at 2024-06-14 19:02:55 +0800
  [1m[36mActiveRecord::SchemaMigration Pluck (0.7ms)[0m  [1m[34mSELECT "schema_migrations"."version" FROM "schema_migrations" ORDER BY "schema_migrations"."version" ASC[0m
Processing by PublicController#index as HTML
  Rendering layout layouts/application.haml
  Rendering public/index.html.haml within layouts/application
  Rendered public/index.html.haml within layouts/application (Duration: 6.9ms | Allocations: 7127)
  Rendered layout layouts/application.haml (Duration: 128.3ms | Allocations: 64110)
Completed 200 OK in 140ms (Views: 130.6ms | ActiveRecord: 0.0ms | Allocations: 68530)


Started GET "/" for 127.0.0.1 at 2024-06-14 19:05:22 +0800
Processing by PublicController#index as HTML
  Rendering layout layouts/application.haml
  Rendering public/index.html.haml within layouts/application
  Rendered public/index.html.haml within layouts/application (Duration: 2.6ms | Allocations: 2078)
  Rendered layout layouts/application.haml (Duration: 14.8ms | Allocations: 14752)
Completed 200 OK in 17ms (Views: 16.6ms | ActiveRecord: 0.0ms | Allocations: 15746)


Started GET "/" for 127.0.0.1 at 2024-06-14 19:05:57 +0800
Processing by PublicController#index as HTML
  Rendering layout layouts/application.haml
  Rendering public/index.html.haml within layouts/application
  Rendered public/index.html.haml within layouts/application (Duration: 3.6ms | Allocations: 2075)
  Rendered layout layouts/application.haml (Duration: 13.7ms | Allocations: 12253)
Completed 200 OK in 16ms (Views: 15.4ms | ActiveRecord: 0.0ms | Allocations: 13214)


Started GET "/" for 127.0.0.1 at 2024-06-14 19:10:45 +0800
Processing by HomeController#index as HTML
  Rendering layout layouts/application.haml
  Rendering home/index.html.haml within layouts/application
  Rendered home/index.html.haml within layouts/application (Duration: 2.4ms | Allocations: 2021)
  Rendered layout layouts/application.haml (Duration: 19.9ms | Allocations: 21440)
Completed 200 OK in 22ms (Views: 21.3ms | ActiveRecord: 0.0ms | Allocations: 22251)


Started GET "/" for 127.0.0.1 at 2024-06-14 19:11:16 +0800
  [1m[36mActiveRecord::SchemaMigration Pluck (1.1ms)[0m  [1m[34mSELECT "schema_migrations"."version" FROM "schema_migrations" ORDER BY "schema_migrations"."version" ASC[0m
Processing by HomeController#index as HTML
  Rendering layout layouts/application.haml
  Rendering home/index.html.haml within layouts/application
  Rendered home/index.html.haml within layouts/application (Duration: 6.2ms | Allocations: 7127)
  Rendered layout layouts/application.haml (Duration: 114.0ms | Allocations: 64625)
Completed 200 OK in 126ms (Views: 116.6ms | ActiveRecord: 0.0ms | Allocations: 69047)


Started GET "/" for 127.0.0.1 at 2024-06-14 19:13:30 +0800
Processing by HomeController#index as HTML
  Rendering layout layouts/application.haml
  Rendering home/index.html.haml within layouts/application
  Rendered home/index.html.haml within layouts/application (Duration: 0.0ms | Allocations: 9)
  Rendered layout layouts/application.haml (Duration: 4.5ms | Allocations: 2677)
Completed 200 OK in 6ms (Views: 5.2ms | ActiveRecord: 0.0ms | Allocations: 3006)


Started GET "/" for 127.0.0.1 at 2024-06-14 19:13:39 +0800
  [1m[36mActiveRecord::SchemaMigration Pluck (1.0ms)[0m  [1m[34mSELECT "schema_migrations"."version" FROM "schema_migrations" ORDER BY "schema_migrations"."version" ASC[0m
Processing by HomeController#index as HTML
  Rendering layout layouts/application.haml
  Rendering home/index.html.haml within layouts/application
  Rendered home/index.html.haml within layouts/application (Duration: 8.5ms | Allocations: 7127)
  Rendered layout layouts/application.haml (Duration: 105.7ms | Allocations: 58873)
Completed 200 OK in 119ms (Views: 108.3ms | ActiveRecord: 0.0ms | Allocations: 63294)


Started GET "/" for 127.0.0.1 at 2024-06-14 19:17:34 +0800
  [1m[36mActiveRecord::SchemaMigration Pluck (0.9ms)[0m  [1m[34mSELECT "schema_migrations"."version" FROM "schema_migrations" ORDER BY "schema_migrations"."version" ASC[0m
Processing by HomeController#index as HTML
  Rendering layout layouts/application.haml
  Rendering home/index.html.haml within layouts/application
  Rendered home/index.html.haml within layouts/application (Duration: 8.7ms | Allocations: 7127)
  Rendered layout layouts/application.haml (Duration: 87.2ms | Allocations: 61017)
Completed 200 OK in 102ms (Views: 90.6ms | ActiveRecord: 0.0ms | Allocations: 65441)


Started GET "/" for ::1 at 2024-06-15 12:40:42 +0800
  [1m[36mActiveRecord::SchemaMigration Pluck (1.5ms)[0m  [1m[34mSELECT "schema_migrations"."version" FROM "schema_migrations" ORDER BY "schema_migrations"."version" ASC[0m
Processing by HomeController#index as HTML
  Rendering layout layouts/application.haml
  Rendering home/index.html.haml within layouts/application
  Rendered home/index.html.haml within layouts/application (Duration: 7.4ms | Allocations: 7127)
  Rendered layout layouts/application.haml (Duration: 117.3ms | Allocations: 61156)
Completed 200 OK in 131ms (Views: 120.0ms | ActiveRecord: 0.0ms | Allocations: 65577)


Started GET "/" for ::1 at 2024-06-15 12:40:53 +0800
Processing by HomeController#index as HTML
  Rendering layout layouts/application.haml
  Rendering home/index.html.haml within layouts/application
  Rendered home/index.html.haml within layouts/application (Duration: 2.9ms | Allocations: 2078)
  Rendered layout layouts/application.haml (Duration: 16.5ms | Allocations: 12629)
Completed 200 OK in 19ms (Views: 18.2ms | ActiveRecord: 0.0ms | Allocations: 13622)


